<?xml version="1.0" encoding="UTF-8"?>
<testsuites>
  <testsuite name="Handmade pleasant Convertible Rock male Legacy careless sed Crew Toys Diverse Kyat Loan quasi District Northeast Creative salmon who selfishly female port Republic Synergistic Plastic Copper Car Pizza issue Fantastic SUV Avon Northeast Dynamic those hunting Baldwin rigid Southeast digital" tests="4" failures="3" errors="1" skipped="1">
    <testcase classname="Class77" name="implementation Latin mole Response SQL Pop hmph Fall Extended Gambia methodology Pants Southeast And male Assurance Music solid Metal patience"/>
    <testcase classname="Class.Bednar35" name="Interactions Verde female Malagasy Southwest male Virtual East South Electric Direct Customer Chips less Electric Buckinghamshire besides purple navigating Bacon Uranium Electronic Oklahoma Metal SMS degree programming International Viaduct Practical Mobility application within recklessly invoice ha grade Male Michigan program monthly South engage up Avon card Wooden skywalk program models Montebello violet deposit Configuration twinkle somber Crew strap extemporise quantify Cotton fabric Screen blockchains program Consultant volt recontextualize Celsius accidentally Maine National fugiat Rustic Cole New Pants generating Small Neither Thulium quantify Modern teal parse sexy woot matrix Supervisor Electronics TCP round parsing program compress Northwest Chief magenta henry kelvin Home Hybrid generate firewall Mauritius little transmitting Turkmenistan Berkshire withdrawal Baytown wireless Avon Silver payment down ha Optimization yearly bluetooth Jewelery cultivate COM inexperienced generation Plastic Account bypassing Refined Universal utilize Bedfordshire Soap Connelly how Gorgeous unaware yet Salad Arizona array mobile Lesch SUV Rue Sanford Implementation fete Mobility interfaces Buckinghamshire Manager Rhode earum interface neural Investor ohm navigate Southeast Beryl primary Sophia Trial Practical Integration Passenger Avon diam Avon Latin Kalamazoo SCSI Arvada Planner orchid Transexual gray payment Diesel integrate debitis bluetooth next Central Faso Wagon gold Dakota coaxingly Wyoming viral asynchronous East ivory overriding feed Bronze consectetur haversack Account Pop ability although Ergonomic bypass Toys disintermediate throughput Directives input HTTP Darmstadtium methodologies Southeast Metrics steep rem white productivity knowledgeably F2M Bedfordshire Bedfordshire virtual Investor Gasoline Consultant Northeast Oval Ball International copy Chair solutions Jeep Soft Accounts Coordinator Regional Bike contract invoice Northeast Rock Sports bypass Bowie deposit whoever Indiana cultivate as Games clergyman program sans easily Vanadium Borders Developer Officer generously Country weber Steel Coupe Wooden Hybrid Luxembourg Oriental kelvin Future Investor male Paradigm Steel maroon Sedan Jerde firewall Omani Oregon Conway Collins Hybrid Southwest grey JBOD Rock lime Diesel male indeed Berkshire generate West Car male orange networks Electric green Liaison analyzing whiteboard Fresh South Plains Valley integrate Polestar Bacon Honda Functionality accidentally Credit caramelize avaricious Technician Chevrolet Maine Rustic Southwest input South Alyce Keyboard index Honda spherical Cotton Cyclocross withdrawal redundant Maserati neutral vibration local synergies Frozen pace Folk Electric male Security facilitate in Corporate Buckinghamshire panel Southeast Optimized Bentley huzzah Rapid haptic ADP Mini Audi Belize Cambridgeshire Industrial Iowa sievert Jesse robust architect Refined versus occaecati USB Avon haptic towards Cruiser victoriously Hybrid programming Luxurious Account West Northwest bah Fresh female Corporate payment Account South knowledge Modern invoice Southeast Bigender Upgradable Simonis watt Monitored qua Rufiyaa Auto necessitatibus Mercedes Ethiopia Intersex Internal natural Cargo transmitter Fantastic superimpose West success Pants Global male Bigender Factors pink Silver society excepturi Road up Representative Stravenue Ball weber seamless Consultant National Roads modulo throughout Minivan nor Minivan Reggae synergize North indexing impactful Mississippi gold Southwest Mountains Unbranded Northeast International meanwhile generating Dinar Gasoline West Volkswagen Kwacha brand female West Home Northwest Market green 24/365 South Trantow vortals Southeast er Bicycle engineer identical Northwest driver Cisgender Computers conglomeration hacking Gorgeous spatula Nebraska monthly Equatorial navigate customized Associate Sausages Classical Van Tunisia Bicycle Taiwan Promethium female even circuit rem migrate Consultant Iodine redundant B2B romance Southwest Bronze supposing firewall City Minivan Path Zinc lux Global port EXE female noon paradigms excluding Analyst transmit zero API brr infomediaries purple Convertible Winston Music Unbranded male payment tan unfinished haptic Pickup Minivan software Carbon Yost Southwest array dimwitted Mountain East Tools invoice Specialist pace Practical male Nebraska Gasoline unless Tellurium Minivan lively schemas GB vitae Nissan Kentucky Accounts deliverables BMX holistic consequently Niue stamen Plutonium Future Coordinator tan ea incompatible overstretch Electronic oh Assistant black optical New 24/365 Global Agent for growl Practical Ball Lawrencium Trigender panel Chevrolet Reunion Southeast mollitia West copying Cambridgeshire invoice withdrawal Van Sandy East disable forenenst disintermediate bladder wherever North Genderflux Illinois Shirt likewise Plastic Rustic South Research Northeast Mississippi Rhenium application inside East Wooden Passenger Pop beside West Account Berkshire disqualify Metal breast greatly Configuration copying Automotive meanwhile Borders purposes Bicycle bypass HEX athletic on internet incremental Personal Pataca application transmit till reintermediate input despite Borders algorithm Grocery Bicycle Ytterbium schemas Maserati above laughter mint Dollar properly Lithium retailer bypass deposit relationships Computers Account volt super red North Virginia Transexual Mississippi Hybrid reparation candela Advanced jovially whenever North compress huzzah Applications weber bluetooth Blues Extended barring Bedfordshire River Southeast maiores wireless female Northeast flamboyant laborum Southwest firewall Southeast neque Maserati Tricycle hmph Coordinator Oxygen Luxurious juicy skateboard oversee North Bespoke overriding Plastic Sayreville optimal Dynamic bluetooth kilogram revamp overriding Pizza Account Georgia SUV Wooden up Fresh Chevrolet Road Funk Architect till discolor innovative Colon maroon Lamborghini Manganese orchestrate Soft Bismuth above National Van Electronics bandwidth Grocery Principal glamorous Bicycle kilogram holistic Baby West Computer visionary Louisiana nervous Spain index um withdrawal Iowa program West Audi synthesizing Regional round even Small steradian Borders female next Rocky BMX transmit transition North South Northeast Fiat dedicated Avon Sleek calculating Northwest Cheese Technician Virginia Programmable Ergonomic nervously Funk Officer payment Granite Refined Strategist moo Iranian Tactics Cyprus Games Visionary capacitor homogeneous Granite Rapids Wagon besides Metal genuine teammate Rap truly monitor systematic regarding Gasoline Diesel non Rwanda Mauritius product bluetooth Turkey Hybrid maroon Minivan purple stock Southwest digital Computer ah SQL program Southwest Bicycle Fiat framework calculating Hafnium Northeast Unbranded Cruiser Fitness South Xenogender National ipsam SCSI parse Cadmium transition trigger violet parse commodi Fredrick Transmasculine West navigate Northeast concept slowly South Diesel jaunty calculate Shirt haptic Strategist mesh extremely times Berkelium optimal Gasoline Organized Borders Volvo panel who cohesive Account Sulfur blue Canada Account approach lime state Accountability hub Sharable Buckinghamshire azure synergize Diesel Realigned Handcrafted photo Oregon Cyclocross Bicycle West bus Corkery River Ohio non North mule Classical pfft Jacinto iterate panel Minivan Male Shores acidly Magnesium Money Cambridgeshire Nebraska Southwest Solutions Astatine Lodge transitional Tasty Aston Northeast Northeast Market Actinium Jaguar oh Saint Tacoma intrigue dolor Southwest to World East Consultant Credit sexy versus Pinellas Electric round Steel FTP deposit District Electronic who brr deposit Czech medium Barium Bronze bypassing Concord Persevering Loan rewire Union Touring array Response New Lutetium Watsonville Plastic vel black Nevis Gorgeous deposit haptic quantifying">
      <failure message="Metal than Kwanza South psst Soap Implementation Manat Electronic ferociously Southwest motorboat overlay Refined state Court female orange Licensed Card Architect water firewall Armenia nearly woefully before Dynamic instantly optical luggage Northeast invoice Cambridgeshire gadzooks Bicycle quantify feed purple copying Lesotho indeed Kristina relish indigo Newton Berkshire swing wireless Hybrid Beauty costly angstrom revolutionary East Volkswagen morph parse orchestrate architectures than pipe Handmade incidentally port Bypass Dodge North Accountability Jenkins Neutrois North male BEAC protocol Cuyahoga EXE Wooden Pop Wagon North Bacon Southeast impactful gadzooks or dishonest disallow Idaho Corporate back finally capacitor Hester Bicycle Diesel withdrawal Mandatory Plastic Keyboard Ecuador South Account plum Personal copy redundant Huntington Walter Account Clothing ivory Des relationships hertz metrics overpay Synchronised scale purple indeed a Granite Beauty Internal Planner Grocery Diesel Classical navigate morphology male Smart Connecticut District Forges connecting International Bicycle Sleek Account Neutrois mindshare Lamborghini Road maroon Celsius dolor payment variant before archive Volvo Northwest asynchronous Jazz male program Centralized Account Sodium out Uzbekistan reflecting female Zloty Jewelery generate Lakes save Nebraska Synchronised which partnerships PNG Steel Borders alongside Account attitude aha adept Kitty little mesh male Classical dynamic Practical Fiat ugh Wagon Ouguiya Unbranded bifurcated moderator Lamborghini bandwidth port Trial national synthesize Transexual exuding Internal invoice vice Soul virtual Dysprosium Bike in Hybrid Shirt Electric compress disintermediate Account Soul Corona innovate Borders Chair Shoes 24/7 Legacy South Salad hence Architect righteously emancipate Southwest woot Usability card Andy Thulium DRAM Northwest Bedfordshire focus Multigender actuating migrate adipisci Kids Indonesia Garden generating Demigender markets Raleigh North Lead throughput Northeast withdrawal Principal Blues placeat Pop Southwest pariatur Vietnam West Grocery implement Minivan sapiente yet Metical Creative male vivaciously voluptate backing Identity Incredible Celsius benchmark Ruble Naira Coupe Tuna Chair Vermont Electric Toys green deglaze steradian up Electronic Jewelery azure North mobile gray second oddly orange Cambridgeshire Shirt Car ack Tennessine Health Shoes Bronze Borders Sausages concrete Central reverse Refined SMS Intelligent payment Group Diesel big fugiat Factors User Palladium Smyrna Montana Outdoors Castro models than vortals Rap BMX Fitness drive Mini SMTP engine model Diesel East Buckinghamshire inventore Cargo Coupe Cambridgeshire structure male Centralized similique including mobile North unless Metal from Intersex Hybrid veritatis Columbia Arsenic sensor gold Copper whoever Burbank Northeast Metical bypass index Small Account Neutrois Volkswagen Orchestrator Practical morph while Diesel plum Factors Grocery Sedan cuddly Hop Germany niches calculating mindshare of oh Sausages evolve green Grocery cum Kip instead handy South save Movies ROI Colorado solid connecting Oriental kelvin core Argon Games provided why fickle bluetooth Salad transform Sri Pop Wisconsin prey transmitting Steel deposit popularity orange pink yet lovingly Rustic Sedan Vermont Bedfordshire stormy Tools Pants East navigate auxiliary radian Northeast models North Altoona Small mushy Factors Nevada meter Bertram contingency Intranet Sports hm Hatchback Lithium bravely Granite Southeast Internal Response meh Rufiyaa Harbor fooey North windsurf although North cyan Pants Moscovium Dollar female BMW Realigned Cab azure Northeast minima maximize via transmit background second Investor orchestrate copy pressurise magenta female face Borders Latin target assumenda Minivan Southwest exploit overturn female Bedfordshire Indonesia complement Tesla Directives aspernatur Exclusive hmph Human farad Plastic man Health UDP Soft equally Elegant Communications tempore Hatchback North overriding Assistant maximize glittering emulation global ASCII Markets dynamic Bohrium Southwest azure Internal Northwest synthesizing Buckinghamshire parse Bronze lively azure South female hastily out Rock Electronic deposit voluptatem Milford Fantastic Supervisor Radium sensor Erbium Carbon amusing Gorgeous capacitor Handmade Administrator Mobility Forward Bicycle immediately product male like calculate Southeast Agender katal initiatives Infrastructure awful card BMX Country Wooden closely Marketing Tandem World Bedfordshire Chicken low Mercedes Roentgenium um deposit Genderflux Facilitator Yttrium notwithstanding Trial bypassing applications foolishly Versatile Soft Southeast Fitness payment drive Route sky OCR indigo Designer off Technician Technician Reggae Paso revolutionary Trial Southwest Account Gloves Principal Towels West Engineer azure transmit Plastic sweet Bicycle Gold Cambridgeshire Modern pascal Berkshire Table Transexual Coupe Soft Diesel blue icy DRAM PNG Southeast Unbranded yippee superstructure Hampshire Chad male above Kia Loaf Adrianna sausage multimedia methodical French primary Sleek Michigan Southeast Central integrate Southeast faithful FTP Ytterbium ouch input Representative architecture West North World evolve vice thankfully rem amidst program calculate female invoice fuchsia whether auxiliary collaborative Touring schemas Forges restfully circumference or iterate inauguration Lakes Massachusetts Future gee when Avon overspend Luxurious Accounts Integration Brand East Greenland Plastic Applications Bohrium Bedfordshire olive holistic Kuhn dolor Towels Reggae ADP metrics Cotton monitor Leu Hop Product override Interactions lime face Burlington Southwest Savings gray male ipsum ratione Northeast Van invoice Sedan Shoes payment Northwest feed Leone pep program dinosaur back JSON wherever Krypton deposit Recumbent Hybrid infrastructure fortunate silver molestiae becquerel Northwest Bahamas Rubber modulo Unbranded methodical Bike crazy frictionless Automotive uneven Money Small synthesize excluding backing mRNA Ferrari West Pickup JBOD calculating Non Convertible payment Van SUV Recycled Cruiser quietly Brand Games Vanadium ASCII channels Pickup transparent streamline optical without Shoes Configurable Krypton Internal Sausages Valley neural Koch official ubiquitous Cotton Rubber violet wireless male green Southwest feint Mozambique Stage drat Expanded infrastructures female lest Dynamic boastfully Electric online Borders loosely indexing second orchid salmon neural following Shirt Metal Carolina tangible Tools East Cotton GB onto Gasoline whiteboard Frozen pixel towards quos streamline South Senior Sedan Equatorial Reunion F2M finally TLS Southeast magenta ASCII Passenger Southeast payment pancreas Northeast Lithuania hack Supervisor coaxingly Bicycle Southeast PCI Factors Engineer disintermediate Loan Springs Rancho relationships Blues Cab South readily transmitting Bicycle utilisation Analyst East responsive boo nick Jazz Licensed incentivize Chair Salad deposit parsing Flerovium teal male Direct Gasoline odio Human Functionality protocol Cisgender Fresh Marketing Engineer Pickup Versatile SMTP systems Croatia tan up pixel mid Washington Gary Kansas Diesel bypassing Metal miserably Northeast standardization gadzooks Planner World Berkshire miserably male Porsche Supervisor Cambridgeshire coat pointless Factors web Bicycle Kids hacking plum withdrawal Home disintermediate meter Toys Francium Planner after Mobility Iodine Inlet Ball Central woman Strategist circuit whose Australia Bacon Folding Jewelery salmon TCP Maserati Handcrafted odit Pants Silver haptic synergistic Pike Borders Belarus Central analyzer Fresh male oof hypochondria Paradigm Kentucky Cambridgeshire Bike circuit orchid transition disintermediate"><![CDATA[following Road male male Ouguiya Connecticut Administrator GB Country Central katal ADP yellow North Cab mercerize Bedfordshire Phased hub Pop monitor Beauty Croatia Cheese Cyclocross Practical PCI haunting male female ratione Hybrid deposit ASCII Generic Legacy checkout Avon Minivan into Shoes EXE insistent navigate repurpose second Toyota invoice Pangender Hybrid applications tightly enigma payment Latin Trans Michigan endure South Northwest Kyat microchip Genderflux strategize bypass Bentley pink Porsche boudoir Auto yesterday Jordan Polygender ick Folding calmly Home Dodge magnetic East Fish Ames times DNS calculate edger Southeast devoted indexing Tunisia Metal odit Minnesota intermesh Representative likewise Borders Burundi Mount Maine Northeast Bronze Hybrid directional productize microchip blockchains North Jazz Hop connecting utilisation Agent solutions Supervisor optimal World West unexpectedly magenta Touring Keyboard contention Response seaside Computers Progressive Brazil Compatible joyously program Valdosta towards optical Car Wagon invoice Rock red Southern Southwest Hryvnia inborn SUV Solutions by Operations Brand Tasty South narrow aggregate sensor architecture Technician Alabama hub Dodge Avon Copernicium Lari Outdoors Touring Mobility Actinium Northwest Bicycle Nepalese Jeep Molybdenum maximized bury Tasty Streamlined esse systems Dearborn B2B Rap Electric facilis Branding ha alarm Architect male Consultant Savings Industrial open Rap Adaptive Analyst incidentally mask Borders daintily eyeballs Bethesda cyan invoice Director Sleek bandwidth Kong withdrawal Northwest Volvo broken likely because calculate Automated Regional West Web Assimilated driver Awesome Balboa TCP Trans Home channels Metal Hatchback iusto powerless generating Pleasant Assurance Northeast SAS payment Bacon athwart Collierville generate Quality Bicycle Fresh lumen Northwest Bike bypassing index Luxurious Tustin wireless South Southwest withdrawal turquoise Marketing grey pink request Representative sterilise Cambridgeshire Industrial Pants North South insignificant drive gold Rustic East payment orchid Northeast parse Accountability woefully North iconify database Ford Metal elaborate Modern bypassing magnam green Passenger male programming recontextualize Flerovium Bronze harum Telly Integration generate Directives CSS seemingly alarm Wagon Southwest port total Keyboard improvement SDD SMS whoever Reggae partnerships Corporate Cadmium PNG Customer Mill Expressway tract 1080p Soft id orchid park panel psst Assurance 1080p needily Cerritos South compress panel female nesciunt provided Sleek Planner Marvin SUV Montana Malaysia figure Bicycle FTP Northeast driver compressing female Senior hub USB Configuration Zackery than Account Transexual deposit North Health Infrastructure hacking Berkshire Ray McKinney SUV Jazz numquam Costa Plastic female Managed convergence functionalities Southeast monumental compelling Corona Money ouch Federation deploy Cade City Granite dedicated Passenger whiteboard Albania Shoes capacitor navigating Gasoline Cloned Cambridgeshire Customer Small Configuration unleash Martin Nobelium Bicycle Rogers Switchable Trail Mobility viral synthesizing generation Principal or withdrawal Books withdrawal Land Cis Extended Internal ecstatic soliloquize Future Stage heat Euro volt Ruble Bicycle Omnigender South Miami logistical Wisconsin payment Steel copying functionalities users steradian rudely GB Clothing female Sedan Mandatory Bronze black mobile World vainly Verda Orchestrator sievert Hermaphrodite Buckinghamshire Money plough West Electric leverage quantifying Erbium Steel Phosphorus ashamed Virginia Minivan Security sometimes Principal Intranet Pennsylvania whereas red hmph salmon frequency Diesel Country Recumbent Massachusetts Touring lumbering Ball ha fatally Fish Kong firewall Global South Cisgender Kiribati UTF8 metrics Madison Automotive Specialist Automotive Cerium Lindgren matrix engineer Bedfordshire Mouse to Kids Missouri ampere Gorgeous row Logan bandwidth quaerat withdrawal AGP South 24/7 Awesome Hybrid Cargo Kansas Supervisor Internal South bandwidth Mercedes Recumbent Bolivia Republic Supervisor Hybrid Account incidentally afore Generic incentivize Checking process azure Demigender Southwest South voluptatum ivory reboot et Response yum gee Usability Automotive Southwest similique Tactics Operations dynamic Slovenia Keyboard USB deposit steradian Boliviano blockchains Tricycle weekly Integration Cis connect Checking Electric unabashedly paradigms Functionality Beauty firewall Customer initiatives Bicycle Handcrafted mint calculating architect Fantastic steradian Reggae VGA napkin Bronze Tin Books primary discrete kelvin Curium Pop mobile Chicken synergize IB Bicycle Sausages Genderqueer Roberts Security Principal transmitter Baby frame provided Markets Baby Sports Functionality orchid Assistant Audi Assistant Generic pfft what Coupe Nebraska Park flatboat Metal sheepishly hesitate Computers Unbranded Cotton SUV a regional Southwest Gasoline screamer dapper system online pink IB siemens Northeast yearningly Convertible override Steel Kailey Regional Hybrid card Electric North disintermediate Pop Northeast magenta male bravely wobbly UAE Electronic Electric however Bronze users index South Gender silver female engage red moderator Communications sedately Generic Technician Oregon Borders bus Tools HTTP platforms transition system Automated yippee SUV Electronic local Rial paradigms kindheartedly copying Northeast Wagon Maryland Borders regularly Cargo Kentwood Aston Blues male generation Multigender connecting say Northeast Diesel GB deposit Global quickly reintermediate alliance kelvin pish mortally Accounts Southeast curiosity Bicycle portals mobile Convertible hertz Denar neural whoa Communications Ergonomic Argon Oklahoma porro facilitate Titusville enable wireless circuit tepid Bronze Guinea aperiam virtual emulation bypass Industrial budget Diesel Generic male Diesel Bismuth Berkshire New ut South cohesive Soft sturdy Soft Chicken Central transmitting infrastructures toolset Coordinator Transmasculine Ball Southwest Bronze wordy katal but integrate repurpose indexing Memphis wireless bypassing wisely Strategist ew Automated male orchid Vatu Lead instead internet Borders Web maroon Gender Program Nihonium Van Electric Refined flake Internal Tungsten target Associate North architectures bluetooth personal clearly redundant Classical Bicycle Rubber East Tucson Program Non farad among markets redefine native Van target Factors Representative Pop Louisiana Markets to Northeast gray Northeast Classical Steel reintermediate Granite Bicycle global XSS Forward teal Dakota nonstop orient Associate strategize online Buckinghamshire analyzing Integration Forward skitter Monserrate Health Southeast pony Rhode estuary impactful Avon Electric quaerat national Tools male Sausages Oklahoma after Sports engorge Bicycle utterly Concrete joule transmitter Polonium Checking Engineer phooey Seychelles sensor Nauru Mouse beginner moratorium Greeley MTF capacitor North Diesel complexity throughout Demiflux ack withdrawal Pop microchip instead molestiae Estonia Computer Bike female olive where Mouse orchestration override degree Global Southeast Murray South Volkswagen on South Refined deposit Van Livermorium panel Kiribati Card once Bromine Quality Northwest extranet Wagon engineer hack aha Home drat Northwest Lead Cab methodologies if Helium incidentally Ergonomic architectures nervously Plastic eyeballs intermediate Plastic Diesel Loan Touring variable incidentally Account Ralph monitor Woman mmm Cheektowaga Domenick Group Awesome Nevada online applications Human Bicycle wireless City Louie id qui Metal Developer Fitness calculation sneaky maximize Bespoke plum Path North male Borders SCSI Sharable Southeast Tasty Developer Plastic invoice complexity quantify male Bespoke first online transmitting female]]></failure>
    </testcase>
    <testcase classname="Class.Berge" name="katal Berkshire by Lead Dollar flat bah likewise winding Southwest Fresh system pish architectures stench stormy congregate magni stable unto drench global earum lavender discrete software Indiana Bicycle SMTP eaque SUV wireless Ruble Supervisor Cranston asymmetric Rustic Face neural Functionality wordy Savings black HEX Representative notion charge erase Franc ew">
      <failure><![CDATA[Northeast West Northwest solutions Nevada parse Representative nervous program Wooden Allen female tesla Markets connect up Computer rerum transform Frozen Facilitator envisioneer Southeast Mercedes Polestar blue frank Anaheim Investment Rican yippee HTTP Regional siemens psst navigating South whoever deposit Lamborghini impress inasmuch Diesel West Ferrari City virtual Reggae East huzzah Cambridgeshire Colombian suscipit East Generic magenta black Pass Diesel Steel payment Legacy Actinium East Bode Unbranded Direct Marketing Plastic Industrial Van Central Arsenic Chief Shoes until West matrix Computers East male Androgynous female Lodge Sports services transmitter Oklahoma Cambridgeshire Secured communities weber stupid parsing Virginia national purple North Multigender Ohio experienced Chief Grocery magenta withdrawal efficient Crew District candela Bugatti Table Delaware smug Idaho outstrip Strategist Wooden East decoy intangible Cotton Clothing blockchains Borders ohm SDD neighboring Cheese Associate AI Sausages Fresh Moscovium Metal CSS Concrete Market Arkansas Smart Bespoke Account corporis Anguilla Europium mint Optimized Folk Ergonomic Robust secretary folk Tillman Hatchback Towels user bypassing Missouri deposit Identity RSS troll homely whether immediately eek Hybrid virtual Tuna users angle Diesel Electric Bentley Metal bypass Cambridgeshire East primary oh China Maryland Northwest Northeast Trans Global Home aim second Northeast Intuitive inwardly West Organized product Oklahoma hourly male programming Cotton tenetur Tesla Handcrafted facere Product Delano deposit white female seize Lincoln Salad female Champlin Fantastic driver as F2M how woot Southwest strategize bus female withdrawal Metal generating who now white Orchestrator Burnsville pink input Granite Islands, Configuration primary scalable Jon bypassing withdrawal accusamus purple airbag for Hryvnia look gold awkwardly Loan South Principal Licensed Advanced alliance boo Plastic RSS Borders SUV oh because Seychelles indigo gray male Nevada target Hatchback Novato white sievert Hatchback engineer Guilder West Diesel Carolina Gorgeous Legacy Architect debitis interface Sausages alarm Manager ovulate Gloves provided haptic exalted second Gibraltar Jazz AGP invoice Holmium sky Technician Crew circuit Van Bicycle Southeast Money solidly back comfortable exuding Bike North Robust Alabama Hip East Fantastic Livermorium Northwest female supposing backing male cyan East female Southeast male up sticky blue Bugatti generation worth Grocery Van enforce North secondary reboot Cincinnati IP safely navigating yellow Maine illo Rustic Bicycle Accountability Saint Dynamic payment Programmable transmitter bluetooth programming Lauderdale asymmetric save Direct content worth payment save Borders City Hybrid watt generating consectetur stew Specialist red Maine indexing synergies yum Van Managed frame Southeast unde back Electronic Agent connect payment programming Dollar Bespoke Bronze Internal Tasty word original banyan methodology katal orchestration Gasoline Berkshire back Road Gasoline workforce payment hack Copper digital Borders East lux Dinar Trans Loan BMX function hmph voluptate blue olive once calculate publish without pixel indexing Personal Integrated Berkshire paradigm cyan North Pizza incubate Southwest North analyzer briefly nearly content Rue Games New Hybrid Chicken Licensed Southwest Elegant Virtual South Carbon redundant into farad intranet North Creative Martin Future volt IP Hybrid payment Americium F2M website Southwest second modular Rap Gasoline Bicycle Cartwright SDD up Classical Minnesota totam East Multigender magenta Intranet synthesizing width Hampshire Granite Chief Card frictionless Terbium male reboot Pants impressionable Margate Oklahoma gray yet siemens programming Jacobson bypass enterprise Avon Intelligent deposit challenge Nihonium male beef base male Richland South Metal lime Plastic olive Practical deposit transmit Principal District Bypass eek tow Cotton quantify Hawaii Home psst Forges Hybrid Avon Chevrolet workforce payment M2F Hybrid East 24/7 Bicycle Wyoming France subscribe Refined hyphenation Gallium placeat volt Analyst Kia formicarium cyan Consultant strategize Nepal Strategist workforce compress Recycled payment ivory Convertible Bespoke Table grey Bugatti Touring Rustic wireless Electronic World website Usability CFP Corvallis vertical pish DRAM nightgown Kids East Future promptly Health circuit haptic Southwest Human female Hills Neodymium assembly female Hafnium Folk endoderm watt knowing female woman Metal Bacon female aha global Hat Gasoline Rock monitor Trigender Electronic neighbourhood deliver Reggae South Buckinghamshire DNS compelling finally Buckinghamshire orchid SCSI siemens unhealthy bifurcated deposit online Monitored program Towels Car Syracuse Direct Minivan copy Concrete Baby South Crew Soap excellent maximized katal customized similique Metal Berkshire Corporate Dakota meter invoice Rubber Southwest olive auxiliary purple meh Electric Northeast Borders Roentgenium Keyboard North carefully invoice Branding mole unconscious Tungsten Fiji Steel withdrawal invoice Southeast withdrawal Northwest North South Assurance system up Dinar Swiss Functionality architectures Tricycle Northwest customized Polonium Trial generating Hryvnia Ferrari ASCII box reboot Arthur disdain Xenogender New Associate Principal Strategist Hybrid Bespoke Gorgeous unlike Oscar Folding International Administrator integrated West Motorway Land loyalty Transgender systems Actinium Licensed pascal Card Human except Guatemala Arkansas West Malagasy Forges Cis support Interactions collaboration Wagon Heights anxious Minnesota AGP Rap aperiam attest male Licensed parse Regional input Northwest Northwest Touring programming sedately Incredible black Brunei Coupe because teal Data past artificial enhance Internal parse Forint Diesel Progressive Rubber Rhodium payment Loan whoa needily Milwaukee Bicycle lest Torp visualize Pennsylvania Supervisor panel Bronze Tandem promptly Vatu evolve Frozen asynchronous Games Berkshire deposit Mandatory once female Shreveport Hip Accounts Response assertion Account convergence villa Madelyn Optimization efficient Sports Games Soap Operations Modern amongst Account questioningly Accountability next paralyse Adaptive invoice lest facilitate female Concrete Concrete finally primary City Internal weber Ohio Southeast Creative Rustic Account Bristol Northwest grow copying Hermaphrodite Borders delectus unto Chair visualize salmon Pizza 24/365 oh haptic neural matrices unexpectedly Olympia Protactinium Dollar calm Electric female Rustic Ondricka Directives whiteboard Recycled Officer Jewelery Jaguar Seamless minus West whenever collaboration Cadillac Customer Table reintermediate Uganda neural olive OCR Berkshire CSS geez Kansas ivory green Northeast Central Male deliver Southwest ivory Metal enhance Burundi Metal stench Facilitator Dollar quidem female keeper Erbium mole each engage infomediaries Extended oh cheerfully Southeast Aruba Corporate maroon Liaison optimizing coulomb World North synergies installation Brand parse Folk Southeast male Crescent West Auto Northeast Hop hack product pink analyzer Bedfordshire Investor ha Illinois Micronesia programming interface feed East DNS Small Idaho Bronze Southwest jubilantly Kuna strategic Tanzania stable magnetic back yawningly notwithstanding quantifying yippee Music black protocol Music Integrated Northwest Passenger new Tactics optimize Associate services laborum Mauritania North International Metal Bicycle Gasoline Incredible Convertible Bacon Technician Checking transmitting Plastic whereas quantifying considerate product faithfully Gasoline digital strategic Rapids even Shoes architectures Demiflux Danika]]></failure>
      <error message="Southwest backing whenever productivity Rhode Auto regional Manager Bronze Engineer RSS Lead Woman Metal Folk Folding Southeast Plastic envisioneer Internal"/>
    </testcase>
    <testcase classname="Class.Bartell15" name="lesbian orchestrate redundant bypass Netherlands XML Licensed odit Hybrid voluptate orchestrate ea poster Classical if calculate Agender Vermont eaque nostrum">
      <failure><![CDATA[Omnigender Hat Cyclocross Gallium ha architectures communities Rico Michigan male whoever Health Crossing Shoes plus Astatine interactive compressing card withdrawal Bike motivating Rap pixel Mouse Southeast instead azure Bedfordshire Coordinator Phoenix Cargo compress payment Bicycle Road cautious recusandae East West iterate Bronze Gallium Bike Inverse whose concerning terribly Italy programming deposit Principal And Cyprus Estates paradigm bandwidth Berkshire yowza obvious Proactive Volvo with Account access Som Dakota Interactions govern male modular SCSI Beauty Rand HEX silver ew Porsche Bedfordshire association Car Micronesia Sporer neural pixel Caesium Toyota Oregon blue North Santos behold eaque reboot Southeast aw Practical Gasoline executive Seychelles brr York South Jazz frame Woodland Locks Electric brr online save Ergonomic deeply Rwanda Tuna dangle Car purple Koruna Configuration Analyst Funk monitor hacking Account overriding primary circuit optical rarely watt Vermont Southwest Recycled synthesize microchip orchid calculate Aluminium Plastic Passenger Practical Rock Montserrat Barbados gosh Soft anchored API ick Southeast orange Hybrid temporary Metal Southeast Lilangeni Fresh alloy merrily enormously incubate Seaborgium Human violet Melissa gee Bicycle deposit Run initiatives pink canine B2B Small deposit Organic Fresh Fitness panel Northeast Nissan mobile plum blue Fantastic Car Bedfordshire National Hybrid Luxurious to Gasoline ipsum North Web invoice oh Quality South Maserati salmon sexy Neptunium frictionless North chauvinist Cadillac Hybrid Sedan Phosphorus East Hatchback olive Dodge openly boo freely HTTP Toyota Dynamic Dalasi kilogram Bicycle Jazz redundant Internal Wooden grow Bicycle female Coordinator Southwest worth Consultant Tactics Beaumont South Pizza Classical aperiam tesla SUV modular gold up maroon Bedfordshire UDP Gasoline SMS Architect contingency Wagon empower Norway matrix cyan below collaborative Afghanistan synergies Metal Frozen Garden Addie Berkshire software infrastructures starry swaddle buggy Northwest innovative deposit aw Cheese man Zealand obnoxiously Engineer back Operations Jazz Cheese Internal Fresh Fitness Metal Loan Central generation THX Borders Cuba times virtual Identity Benz till Operations Shoes Industrial deposit up Redmond strategy Future closely male Modern Auto fugiat cliff calculating SCSI Tactics disintermediate Real decipher slippery Cotton Hydrogen Loan directional navigating stylish North Recycled Illinois protocol er Sulfur drat analyzer TCP inside TCP Man Bedfordshire generate Orpha Kentucky grey customer Tellurium Industrial Rustic awful Southeast Marilou Solutions Versatile Shilling Wooden Human loyalty Brooklyn District Chair Electric Sudan visionary Principal City Costa Books East Cab coulomb North whether white South Fish male Kaela Einsteinium Palau digital Tuna deposit how transmit Southwest overgraze azure Hatchback hacking connect function Northwest general IP magenta Niobium productivity woot major Home protocol Other Cayman Northeast marginalise Lowe Frozen ick male Bike Pound Outdoors airfreight Indio Rand Loan Kentucky subsist Northeast quantifying radical sequi East once empower debate psst Latin Liaison Minivan North Palladium Games afore haptic Idaho Manor South purple Synchronised Alabama quicker simplify Cruiser Southeast male Books fancy yellow Books Distributed Plastic formal Direct Triathlon/Time Plastic Granite Frozen East green Adams howard tan reboot asynchronous frenetically through Designer white Garden nor Account payment Botswana Ytterbium female Jaguar spreadeagle Electric UTF8 Coupe Bicycle XML Rustic Reunion red deserted Southwest Market synthesizing aggregate Coordinator Islands Wooden Southwest South Borders Dinar cyan Blues array Southwest Garden Account dental magnetic payment Maine collaboration daffodil Metal ew Brazilian Drives West connecting silver locomotive Riverside West flugelhorn Gasoline Rocklin South testimonial Demigender Computer Jazz Northwest artificial withdrawal quantify open blue project Kia indexing hm East Central Awesome Berkshire invoice Accountability transmitting Pants Accounts which person cyan Buckinghamshire Auto eschew Cab red calculating Key solid Keys Square Music virtual ducimus Cotton Bentley Court Toyota SUV Rustic Consultant Sparks Developer empowering Northeast pixel PNG encompassing calculate relate Florida polyester Rustic integrate AGP Gasoline auxiliary male female indexing Nebraska BMW Turkey neural Orchestrator oscillate Orchestrator Metal payment Borders ASCII encounter California huzzah deficit card Monaco IB tesla architectures South Chlorine Southwest indexing Cotton unimpressively infringe Liaison Keyboard Gender override program bluetooth Sausages following till Loan Legacy Vermont pish alarm optical Polarised boo focused Solutions tesla Ankeny Fitness Product up meanwhile Trigender Operations Gorgeous South tightly Technician East Credit Cambridgeshire Southeast Buckinghamshire sievert Texas cyan Savannah America monitor Southeast Southwest Serbia tan Tools Myers Product Account forecast woefully SAS application with installation Senior Applications Bespoke tan Quality violet Nihonium compress vice bypassing Caicos DNS Praseodymium Account Car Fresh Automotive Gorgeous invoice man gosh violet Credit mobile boo dreamily ROI Pickup eek matrix 1080p socialize Northeast Principal scoff Wagon mortified wrongly Southwest riposte South Luxurious protocol Manager Outdoors online off optimal TLS payment F2M Devin recontextualize Van Funk guard West Sedan 1080p Orchestrator parsing Northeast Cedar male Licensed Principal Tesla violet ouch platforms enable Jaguar East Louisiana Electric Bedfordshire Cotton Account instantly Tools DRAM Granite ew Unbranded Hyundai North Juan Belgium East metrics Volvo brr voluptatibus Keyboard holistic hertz dumbfound ferret Pants Corporate Jeep Transexual yippee Myers Manager Northwest Handcrafted attitude Hybrid Convertible cyan Carolina Southeast Coupe Fish dream which Designer East incubate kilogram Soap Folk copy quantifying Rubber Country Pataca deposit Plastic reflect Graphical Bedfordshire extract advent unless Regional vaguely until Decentralized Myanmar Cab Smart turquoise Recycled female Lamborghini square Executive Hermaphrodite actually because Borders New Functionality red Quality lest invoice uniform Zambian Oceanside Screen ugh deposit parse volatility Steel Fish male compile Gasoline Human background bluetooth Hybrid South Tennessine Cotton Titanium puzzling haptic Technician User South back beatae female Electric um Grand azure drive Zirconium Clothing focalize male plum edge Polestar Gasoline Northwest Classical District communities core Fresh Northwest up Kansas meh Celsius Gennaro Missouri scarcely Inverse Mouse ampere gracefully haptic Program Bentley Chips Account groom BMX regarding happily Cotton suburban kilogram dental Daisy District withdrawal middleware Chips Bicycle female San online Markets Refined North Investment Consultant system gray Shilling connecting West VGA JSON Fiat Germanium Pickup opposite whether Creative Inlet Buckinghamshire who maroon Pennsylvania withdrawal Hamill West Internal Chicken Shoal Northwest North applications Rustic copy sensor Devolved Jewelery China besides matrix Accounts Future furiously perferendis slim favour closely innovative which mint Account Diesel intuitive Pound Industrial and Assistant mole Sleek repurpose hour Hybrid yellow Account Chair Human Jewelery fluid hmph Mouse 3rd Borders minus azure North male Integration infrastructures Gadolinium JSON enraged merrily Georgia downright deposit Rock AGP]]></failure>
      <skipped/>
    </testcase>
  </testsuite>
</testsuites>